[H[2J[3J=======================================
Test Case 1
program ArrayAverage;
var
  numbers: array[1..5] of Integer;
  i, a, b: Integer;
  average : real;
  c: char;
begin
  i := 4;
  i := i + 1;
  average := 0.5;
  c := 'c';

  writeln("Test output: ", i, " ", i, " ", average, " ", c);
  writeln("Test output: ", i, " ", i, " ", average, " ", c);
  // read(a);
  writeln("Input: ", a);
end.Deleting old files
Compiling yacc program
Compiling lex program
Compiling the program in gcc
 read(a);
============================
:000:>  i  =  4 ;
:001:>  t0  =  i  +  1 ;
:002:>  i  =  t0 ;
:003:>  average  =  0.5 ;
:004:>  c  =  'c' ;
:005:>  writeln ;
:006:>  writeln ;
:007:>  writeln ;

============================
Test output: 5 5 0.5 c
Test output: 5 5 0.5 c
Input: 0

============================



Parsing completed successfully
